Running in multi-file mode with waypoint counts: [2, 4, 8]
Loaded map maze-128-128-10.map: 128x128, 14818 free cells
Loaded map ost003d.map: 194x194, 13214 free cells
Loaded map warehouse-20-40-10-2-1.map: 123x321, 22599 free cells
Processing warehouse-20-40-10-2-1-random-10.scen for [2, 4, 8] waypoints...
  -> Processed 1000 agents
Processing warehouse-20-40-10-2-1-random-23.scen for [2, 4, 8] waypoints...
  -> Processed 1000 agents
Processing warehouse-20-40-10-2-1-random-14.scen for [2, 4, 8] waypoints...
  -> Processed 1000 agents
Processing warehouse-20-40-10-2-1-random-4.scen for [2, 4, 8] waypoints...
  -> Processed 1000 agents
Processing warehouse-20-40-10-2-1-random-21.scen for [2, 4, 8] waypoints...
  -> Processed 1000 agents
Processing warehouse-20-40-10-2-1-random-6.scen for [2, 4, 8] waypoints...
  -> Processed 1000 agents
Processing warehouse-20-40-10-2-1-random-24.scen for [2, 4, 8] waypoints...
  -> Processed 1000 agents
Processing warehouse-20-40-10-2-1-random-8.scen for [2, 4, 8] waypoints...
  -> Processed 1000 agents
Processing warehouse-20-40-10-2-1-random-25.scen for [2, 4, 8] waypoints...
  -> Processed 1000 agents
Processing warehouse-20-40-10-2-1-random-18.scen for [2, 4, 8] waypoints...
  -> Processed 1000 agents
Processing warehouse-20-40-10-2-1-random-12.scen for [2, 4, 8] waypoints...
  -> Processed 1000 agents
Processing warehouse-20-40-10-2-1-random-15.scen for [2, 4, 8] waypoints...
  -> Processed 1000 agents
Processing warehouse-20-40-10-2-1-random-3.scen for [2, 4, 8] waypoints...
  -> Processed 1000 agents
Processing warehouse-20-40-10-2-1-random-19.scen for [2, 4, 8] waypoints...
  -> Processed 1000 agents
Processing warehouse-20-40-10-2-1-random-2.scen for [2, 4, 8] waypoints...
  -> Processed 1000 agents
Processing warehouse-20-40-10-2-1-random-13.scen for [2, 4, 8] waypoints...
  -> Processed 1000 agents
Processing warehouse-20-40-10-2-1-random-16.scen for [2, 4, 8] waypoints...
  -> Processed 1000 agents
Processing warehouse-20-40-10-2-1-random-11.scen for [2, 4, 8] waypoints...
  -> Processed 1000 agents
Processing warehouse-20-40-10-2-1-random-17.scen for [2, 4, 8] waypoints...
  -> Processed 1000 agents
Processing warehouse-20-40-10-2-1-random-9.scen for [2, 4, 8] waypoints...
  -> Processed 1000 agents
Processing warehouse-20-40-10-2-1-random-1.scen for [2, 4, 8] waypoints...
  -> Processed 1000 agents
Processing warehouse-20-40-10-2-1-random-5.scen for [2, 4, 8] waypoints...
  -> Processed 1000 agents
Processing warehouse-20-40-10-2-1-random-22.scen for [2, 4, 8] waypoints...
  -> Processed 1000 agents
Processing warehouse-20-40-10-2-1-random-20.scen for [2, 4, 8] waypoints...
  -> Processed 1000 agents
Processing warehouse-20-40-10-2-1-random-7.scen for [2, 4, 8] waypoints...
  -> Processed 1000 agents
Processing maze-128-128-10-random-15.scen for [2, 4, 8] waypoints...
  -> Processed 1000 agents
Processing maze-128-128-10-random-23.scen for [2, 4, 8] waypoints...
  -> Processed 1000 agents
Processing maze-128-128-10-random-8.scen for [2, 4, 8] waypoints...
  -> Processed 1000 agents
Processing maze-128-128-10-random-22.scen for [2, 4, 8] waypoints...
  -> Processed 1000 agents
Processing maze-128-128-10-random-9.scen for [2, 4, 8] waypoints...
  -> Processed 1000 agents
Processing maze-128-128-10-random-25.scen for [2, 4, 8] waypoints...
  -> Processed 1000 agents
Processing maze-128-128-10-random-11.scen for [2, 4, 8] waypoints...
  -> Processed 1000 agents
Processing maze-128-128-10-random-5.scen for [2, 4, 8] waypoints...
  -> Processed 1000 agents
Processing maze-128-128-10-random-4.scen for [2, 4, 8] waypoints...
  -> Processed 1000 agents
Processing maze-128-128-10-random-20.scen for [2, 4, 8] waypoints...
  -> Processed 1000 agents
Processing maze-128-128-10-random-7.scen for [2, 4, 8] waypoints...
  -> Processed 1000 agents
Processing maze-128-128-10-random-19.scen for [2, 4, 8] waypoints...
  -> Processed 1000 agents
Processing maze-128-128-10-random-18.scen for [2, 4, 8] waypoints...
  -> Processed 1000 agents
Processing maze-128-128-10-random-6.scen for [2, 4, 8] waypoints...
  -> Processed 1000 agents
Processing maze-128-128-10-random-14.scen for [2, 4, 8] waypoints...
  -> Processed 1000 agents
Processing maze-128-128-10-random-13.scen for [2, 4, 8] waypoints...
  -> Processed 1000 agents
Processing maze-128-128-10-random-2.scen for [2, 4, 8] waypoints...
  -> Processed 1000 agents
Processing maze-128-128-10-random-17.scen for [2, 4, 8] waypoints...
  -> Processed 1000 agents
Processing maze-128-128-10-random-3.scen for [2, 4, 8] waypoints...
  -> Processed 1000 agents
Processing maze-128-128-10-random-1.scen for [2, 4, 8] waypoints...
  -> Processed 1000 agents
Processing maze-128-128-10-random-10.scen for [2, 4, 8] waypoints...
  -> Processed 1000 agents
Processing maze-128-128-10-random-16.scen for [2, 4, 8] waypoints...
  -> Processed 1000 agents
Processing maze-128-128-10-random-12.scen for [2, 4, 8] waypoints...
  -> Processed 1000 agents
Processing maze-128-128-10-random-24.scen for [2, 4, 8] waypoints...
  -> Processed 1000 agents
Processing maze-128-128-10-random-21.scen for [2, 4, 8] waypoints...
  -> Processed 1000 agents
Processing ost003d-random-17.scen for [2, 4, 8] waypoints...
  -> Processed 1000 agents
Processing ost003d-random-9.scen for [2, 4, 8] waypoints...
  -> Processed 1000 agents
Processing ost003d-random-25.scen for [2, 4, 8] waypoints...
  -> Processed 1000 agents
Processing ost003d-random-24.scen for [2, 4, 8] waypoints...
  -> Processed 1000 agents
Processing ost003d-random-8.scen for [2, 4, 8] waypoints...
  -> Processed 1000 agents
Processing ost003d-random-14.scen for [2, 4, 8] waypoints...
  -> Processed 1000 agents
Processing ost003d-random-7.scen for [2, 4, 8] waypoints...
  -> Processed 1000 agents
Processing ost003d-random-12.scen for [2, 4, 8] waypoints...
  -> Processed 1000 agents
Processing ost003d-random-19.scen for [2, 4, 8] waypoints...
  -> Processed 1000 agents
Processing ost003d-random-5.scen for [2, 4, 8] waypoints...
  -> Processed 1000 agents
Processing ost003d-random-11.scen for [2, 4, 8] waypoints...
  -> Processed 1000 agents
Processing ost003d-random-23.scen for [2, 4, 8] waypoints...
  -> Processed 1000 agents
Processing ost003d-random-20.scen for [2, 4, 8] waypoints...
  -> Processed 1000 agents
Processing ost003d-random-18.scen for [2, 4, 8] waypoints...
  -> Processed 1000 agents
Processing ost003d-random-13.scen for [2, 4, 8] waypoints...
  -> Processed 1000 agents
Processing ost003d-random-16.scen for [2, 4, 8] waypoints...
  -> Processed 1000 agents
Processing ost003d-random-3.scen for [2, 4, 8] waypoints...
  -> Processed 1000 agents
Processing ost003d-random-1.scen for [2, 4, 8] waypoints...
  -> Processed 1000 agents
Processing ost003d-random-6.scen for [2, 4, 8] waypoints...
  -> Processed 1000 agents
Processing ost003d-random-22.scen for [2, 4, 8] waypoints...
  -> Processed 1000 agents
Processing ost003d-random-21.scen for [2, 4, 8] waypoints...
  -> Processed 1000 agents
Processing ost003d-random-10.scen for [2, 4, 8] waypoints...
  -> Processed 1000 agents
Processing ost003d-random-4.scen for [2, 4, 8] waypoints...
  -> Processed 1000 agents
Processing ost003d-random-15.scen for [2, 4, 8] waypoints...
  -> Processed 1000 agents
Processing ost003d-random-2.scen for [2, 4, 8] waypoints...
  -> Processed 1000 agents

Generated 225 waypoint files.
Total agents processed: 75000.
Waypoint configurations: [2, 4, 8].
